Arguments: 
  /opt/local/bin/node /opt/local/libexec/yarn/bin/yarn.js publish --public

PATH: 
  /Users/yury/.cargo/bin:/Users/yury/dev/venvs/edgedb/bin:/opt/local/bin:/usr/local/bin:/usr/bin:/bin:/usr/sbin:/sbin:/usr/local/MacGPG2/bin:/Users/yury/dev/venvs/edgedb/bin:/Users/yury/.cargo/bin:/opt/local/sbin:/Users/yury/.bin:/Users/yury/.bin

Yarn version: 
  1.22.4

Node version: 
  10.20.1

Platform: 
  darwin x64

Trace: 
  Error: canceled
      at Interface.<anonymous> (/opt/local/libexec/yarn/lib/cli.js:137008:13)
      at Interface.emit (events.js:198:13)
      at Interface._ttyWrite (readline.js:801:16)
      at ReadStream.onkeypress (readline.js:184:10)
      at ReadStream.emit (events.js:198:13)
      at emitKeys (internal/readline.js:424:14)
      at emitKeys.next (<anonymous>)
      at ReadStream.onData (readline.js:1073:36)
      at ReadStream.emit (events.js:198:13)
      at addChunk (_stream_readable.js:288:12)

npm manifest: 
  {
    "name": "@edgedb/lexer",
    "description": "EdgeQL Lexer",
    "homepage": "https://github.com/edgedb/edgedb-js-lexer",
    "author": "EdgeDB <info@edgedb.com>",
    "engines": {
      "node": ">= 10.0.0"
    },
    "repository": {
      "type": "git",
      "url": "https://github.com/edgedb/edgedb-js-lexer.git"
    },
    "version": "0.0.2",
    "main": "./pkg/index.js",
    "types": "./pkg/index.d.ts",
    "license": "Apache-2.0",
    "files": [
      "/pkg"
    ],
    "scripts": {
      "build": "cargo build && wasm-pack build && sed -i -e \"s/from 'error'/from '.\\/error'/g\" pkg/edgeql_wasm_bg.js && tsc"
    },
    "devDependencies": {
      "typescript": "^3.8.3"
    }
  }

yarn manifest: 
  No manifest

Lockfile: 
  # THIS IS AN AUTOGENERATED FILE. DO NOT EDIT THIS FILE DIRECTLY.
  # yarn lockfile v1
  
  
  typescript@^3.8.3:
    version "3.8.3"
    resolved "https://registry.yarnpkg.com/typescript/-/typescript-3.8.3.tgz#409eb8544ea0335711205869ec458ab109ee1061"
    integrity sha512-MYlEfn5VrLNsgudQTVJeNaQFUAI7DkhnOjdpAp4T+ku1TfQClewlbSuTVHiA+8skNBgaf02TL/kLOvig4y3G8w==
